INFO:root:Bug in list.sort() with input '[221, 'NmJ^R1,;_V', 'khKOtntWC"', '=[N%?3{<7)', 457, -573, -167, -928, 769, -514]': '<' not supported between instances of 'str' and 'int'
INFO:root:Bug in int() with input '%6.b|XhcB4': invalid literal for int() with base 10: '%6.b|XhcB4'
INFO:root:Bug in list.sort() with input '[667, -332, '7*}1}?Eplx', -390, 511, '_\\B%TSl[-n', -537, 'g"4HLWz8sw', -295, -450]': '<' not supported between instances of 'str' and 'int'
INFO:root:Bug in int() with input 'xSA4^jpaTN': invalid literal for int() with base 10: 'xSA4^jpaTN'
INFO:root:Bug in list.sort() with input '[-881, '>s^zi8ZzRy', 887, -201, -681, '2-hAQeS,3+', 545, '>9}`2#I!@-', -342, -116]': '<' not supported between instances of 'str' and 'int'
INFO:root:Bug in int() with input '': invalid literal for int() with base 10: ''
INFO:root:Bug in list.sort() with input '[574, -555, 'z@Sg^7?[[U', 58, '\\j,Zm;]2=T', "3OVKb*O@}'", 'q&R:BFVdxk', 143, 'v1@[gZkhRp', -536]': '<' not supported between instances of 'str' and 'int'
INFO:root:Bug in int() with input '&eUid+aw|x': invalid literal for int() with base 10: '&eUid+aw|x'
INFO:root:Bug in list.sort() with input '[-187, '|PWS7k5{rd', '`7Uch${"s4', 834, -371, -819, '1{2<D`My?7', 'b%"5e(]Z(&', -534, '-;\\dxB@i90']': '<' not supported between instances of 'str' and 'int'
INFO:root:Bug in int() with input '': invalid literal for int() with base 10: ''
INFO:root:Bug in list.sort() with input '['xT+35>JxiJ', '+TmWP!6)2d', -73, 'iEjGDf:Up"', "7e?WrVXTc'", 'FdO"_6gmz3', 'Vcm`jJ?,3N', -44, 273, 'g9SE8|*Jt(']': '<' not supported between instances of 'int' and 'str'
INFO:root:Bug in int() with input '&j@(_YetB\': invalid literal for int() with base 10: '&j@(_YetB\\'
INFO:root:Bug in list.sort() with input '['7\\2se26)6f', 'V8dJ_<xCnW', 667, -773, 'rj^>Op"m5m', 601, '\'*[8=z\'p"4', -227, 'C:dp6LGhc)', "p$L'%Jt08="]': '<' not supported between instances of 'int' and 'str'
INFO:root:Bug in int() with input 'q>vBt8w-^`': invalid literal for int() with base 10: 'q>vBt8w-^`'
INFO:root:Bug in list.sort() with input '[-918, 'ti|3uekCAg', 129, -575, -866, 644, "3-cf|9['QP", 619, 493, '(x-Es^6Pj3']': '<' not supported between instances of 'str' and 'int'
INFO:root:Bug in int() with input 'tih2V%5m?^': invalid literal for int() with base 10: 'tih2V%5m?^'
INFO:root:Bug in list.sort() with input '[-80, -191, '9Cj{~uzW[y', 'BrC&l\\Z(=q', -866, 'xn5#D<7EoJ', 373, 'eNG<M0@3UK', -506, 678]': '<' not supported between instances of 'str' and 'int'
INFO:root:Bug in int() with input '-rB1,ET:V(': invalid literal for int() with base 10: '-rB1,ET:V('
INFO:root:Bug in list.sort() with input '[-146, -65, -498, 'qO1\\jg/dz[', '#=mvU*KF7*', '0qEujwjbIF', -758, '>Sq!Ij2NEF', -673, 'u_Zk/-Q=3O']': '<' not supported between instances of 'str' and 'int'
INFO:root:Bug in int() with input '[JWhECmhL^': invalid literal for int() with base 10: '[JWhECmhL^'
INFO:root:Bug in list.sort() with input '['~xha]][5DP', -506, -258, -591, -740, '\\=lJd(Ue^N', -259, -47, 339, 10]': '<' not supported between instances of 'int' and 'str'
INFO:root:Bug in int() with input 'None': int() argument must be a string, a bytes-like object or a real number, not 'NoneType'
INFO:root:Bug in list.sort() with input '[-626, 74, -40, 135, ']8xXhJoKKK', "'CY)d$G^-#", ']i2AJoA]6=', 802, "zGo'.7$F|W", 'f#z9CTs[sp']': '<' not supported between instances of 'str' and 'int'
INFO:root:Bug in int() with input 'I!DFIeqk_U': invalid literal for int() with base 10: 'I!DFIeqk_U'
INFO:root:Bug in list.sort() with input '['YES~\\HTyTI', '|P4h%VRlBH', '_vaNIv2Y!:', 210, -825, ')o>3;1>bmL', "p^,mrh']u}", 'i<nU,#R+r;', -835, 336]': '<' not supported between instances of 'int' and 'str'
INFO:root:Bug in list.sort() with input '[-265, 'ec["I"/![+', '6BJM=s=Y{W', 440, 136, 'jb>U&TwWcL', -409, '`j,fM2J6sE', -88, -726]': '<' not supported between instances of 'str' and 'int'
INFO:root:Bug in list.sort() with input '[-260, -757, -373, 'v"+g@rN17p', 645, 852, 'C@[^bB/{3w', 'hl[krtC7/f', -26, 599]': '<' not supported between instances of 'str' and 'int'
INFO:root:Bug in int() with input '|,ReQK*K&a': invalid literal for int() with base 10: '|,ReQK*K&a'
INFO:root:Bug in list.sort() with input '[579, '"[+)tlN4zB', 'WWeyOJ6v{r', -723, '5kt(HCa=3w', -395, ')s-_]`gE|n', 'cC`slSb~`F', 'v_),4X"F,8', 535]': '<' not supported between instances of 'str' and 'int'
INFO:root:Bug in int() with input 'I//L!kkn&e': invalid literal for int() with base 10: 'I//L!kkn&e'
INFO:root:Bug in list.sort() with input '[635, 203, 'xvQ3,(jhVp', '&^NfM"(rr+', '02d[j*s7.T', -118, 800, ',P8x!EiKhx', -379, -640]': '<' not supported between instances of 'str' and 'int'
INFO:root:Bug in int() with input 'None': int() argument must be a string, a bytes-like object or a real number, not 'NoneType'
INFO:root:Bug in list.sort() with input '[113, 'j)wnLudULI', 794, -108, -819, -320, -392, 850, 'tb`5X?E+@H', -803]': '<' not supported between instances of 'str' and 'int'
INFO:root:Bug in int() with input 'None': int() argument must be a string, a bytes-like object or a real number, not 'NoneType'
INFO:root:Bug in list.sort() with input '['/#.Ol5L9qt', '$p2lE2vk/R', 'J]MN\\qHGj+', -600, 'Gj<X}V3K%K', 691, -495, '04;%#z$F~n', ',<w]X^k?z"', -9]': '<' not supported between instances of 'int' and 'str'
INFO:root:Bug in list.sort() with input '[-676, '7OGcfT`]1u', 'x!0N%mKRvh', -165, -940, 927, '?vaGlOcgO&', -673, 'kH,\\mEl?VQ', -345]': '<' not supported between instances of 'str' and 'int'
INFO:root:Bug in int() with input 'At6du<Th'b': invalid literal for int() with base 10: "At6du<Th'b"
INFO:root:Bug in list.sort() with input '["9&R'#OZ#g&", 80, -647, ')&]$~h6g|v', 'XF-JSw>"7L', 'b)y%t"$>9g', 'C`Ku1#iF=l', '4+QU~7SXp^', 'hwV&;i(KQ-', -295]': '<' not supported between instances of 'int' and 'str'
INFO:root:Bug in int() with input '': invalid literal for int() with base 10: ''
INFO:root:Bug in list.sort() with input '['d>^F=^\\.M8', 'mdZn$c,=p]', 'IZlk`Xq}/W', '-4k#d$b5wc', ':w^*e=PYSn', -486, -356, 'hrJC0t7-EO', -582, 'HMR]UOl1^,']': '<' not supported between instances of 'int' and 'str'
INFO:root:Bug in int() with input 'abc': invalid literal for int() with base 10: 'abc'
INFO:root:Bug in list.sort() with input '[-576, -427, '^G}4a@WX&q', '|:5q8]wFHh', 'wpMC!PH:-+', -864, -564, 'smPqgE`-Vj', 'Q%:<t;^6jB', 'Q[]"pAw67-']': '<' not supported between instances of 'str' and 'int'
INFO:root:Bug in list.sort() with input '['dYL$A:7oqS', 992, -183, 391, -221, 728, -391, -795, 'h.4SR,R"pO', 710]': '<' not supported between instances of 'int' and 'str'
INFO:root:Bug in int() with input '"V^(0y@Sb7': invalid literal for int() with base 10: '"V^(0y@Sb7'
INFO:root:Bug in list.sort() with input '['jXx{gOS~XE', -286, 'J4sSP?`Q2@', -297, 403, 'r:g<a;1rLe', '\\|[rm{bBEh', ':WXhUJJH@#', 'W{<Iw0>8C8', 'zgR)R^[!9K']': '<' not supported between instances of 'int' and 'str'
INFO:root:Bug in list.sort() with input '['nF+fu8~G{e', -168, 'w*N9@v+ug}', 518, -229, 710, '!ragr9ZcCz', "{'ip{$O~(u", 786, 'P6[=iG,kVe']': '<' not supported between instances of 'int' and 'str'
INFO:root:Bug in int() with input '`}$DPj[.}R': invalid literal for int() with base 10: '`}$DPj[.}R'
INFO:root:Bug in list.sort() with input '[666, 'Ics$t)fT*e', '[thmZo6UM&', -545, -476, '-@WpjJu4i,', 330, -135, ')vkiXL<~^X', -583]': '<' not supported between instances of 'str' and 'int'
INFO:root:Bug in int() with input '9^ZE]FR-Bi': invalid literal for int() with base 10: '9^ZE]FR-Bi'
INFO:root:Bug in list.sort() with input '['/s>0U?n<OW', 908, -116, 718, -835, -868, 'J="o"GJZdU', 'g[o1y23D"6', 125, '3nBN~`j:m-']': '<' not supported between instances of 'int' and 'str'
INFO:root:Bug in int() with input '%GF@KO]""<': invalid literal for int() with base 10: '%GF@KO]""<'
INFO:root:Bug in list.sort() with input '['-#$!HNrLtT', -679, 'Qb~hn){+{|', 'G*"2*(dBZ@', -908, 'Ft"$_~PK[:', 986, 'KR3!5m9FWb', 'r``m}sff/:', 486]': '<' not supported between instances of 'int' and 'str'
INFO:root:Bug in int() with input ';%$kD2`aRN': invalid literal for int() with base 10: ';%$kD2`aRN'
INFO:root:Bug in list.sort() with input '['PZFmC2EyGN', -360, 'i:y|=CSm{,', '.4>h34NbF;', 'Pt416Go>-|', '~/3pIWPhcy', 'ES)wkfj71<', -871, -668, -454]': '<' not supported between instances of 'int' and 'str'
INFO:root:Bug in int() with input '': invalid literal for int() with base 10: ''
INFO:root:Bug in list.sort() with input '[32, 4, '?rlgR?,N\\I', 'z;uIEyM]:\\', -368, 'kgE@FMmlW2', 'C^@{f"s2Zc', 627, "cY!g'7L5\\I", -752]': '<' not supported between instances of 'str' and 'int'
INFO:root:Bug in int() with input 'Wu[i'S2V1J': invalid literal for int() with base 10: "Wu[i'S2V1J"
INFO:root:Bug in list.sort() with input '[-905, 246, '[r;y)n$dt^', 230, -930, -518, 'RR*LzUCD{>', '^/3ODc^2C+', 874, -733]': '<' not supported between instances of 'str' and 'int'
INFO:root:Bug in int() with input 'abc': invalid literal for int() with base 10: 'abc'
INFO:root:Bug in list.sort() with input '['ic![}8T*[#', 'B1sAtwMoI"', 777, 'Q#pEy&z)u[', -187, '.}Nn_&}Q9*', -639, 'F7;1)H+A|a', -75, 379]': '<' not supported between instances of 'int' and 'str'
INFO:root:Bug in int() with input 'None': int() argument must be a string, a bytes-like object or a real number, not 'NoneType'
INFO:root:Bug in list.sort() with input '[';Me4[|>fW{', '#zvqd]c2py', 'u7\\8#V].}w', 639, 'H*wS}.Vf?G', -285, 'Y;&[P!hEG?', 'e)#jQ=F3Ig', 'WRLqpKsyVK', 'Fho/}E8psr']': '<' not supported between instances of 'int' and 'str'
INFO:root:Bug in int() with input '*L:"2iJ_|8': invalid literal for int() with base 10: '*L:"2iJ_|8'
INFO:root:Bug in list.sort() with input '[-530, 804, 'hCv8w3I5;%', 492, 'V/zd)y|(ng', -789, 546, -342, 'CJD(v.Rspd', 'esahy,z~xx']': '<' not supported between instances of 'str' and 'int'
INFO:root:Bug in int() with input 'o>I[T/$Qpj': invalid literal for int() with base 10: 'o>I[T/$Qpj'
INFO:root:Bug in list.sort() with input '["Wpq>b&+'sD", -999, '%Jl)TOq:od', -678, 'U}Hd)L;`h<', '4[zELoI{b@', -408, ';CU}8ea58}', -644, 382]': '<' not supported between instances of 'int' and 'str'
INFO:root:Bug in list.sort() with input '['Yyj,$3OvP{', 547, 821, '!;#U55Y,1C', 92, 'wY+JLt*Eoc', ']8th8K;%Wi', '1-8gWx{}r^', 'r$#@8zFzzG', '\\\'<-S"X|b}']': '<' not supported between instances of 'int' and 'str'
INFO:root:Bug in int() with input 'ki90MKV0Ud': invalid literal for int() with base 10: 'ki90MKV0Ud'
INFO:root:Bug in list.sort() with input '[502, -967, '$gh:mNtYLq', 'OEvZyo$V:G', -611, '>#h_!,XO0<', 'z"aSsUM^p2', 'K_rr~_cbDl', -349, 'X@ul/OVwZg']': '<' not supported between instances of 'str' and 'int'
INFO:root:Bug in int() with input 'a*+M-%~H[C': invalid literal for int() with base 10: 'a*+M-%~H[C'
INFO:root:Bug in list.sort() with input '[-926, '5o*Su$>)@(', '+zy3E3EWsL', 291, 'ES@{:*d!"(', ';I*J@JK\\5i', -625, -620, 406, 'dV5\\&tc<#q']': '<' not supported between instances of 'str' and 'int'
INFO:root:Bug in int() with input 'dx1M]Jgv*E': invalid literal for int() with base 10: 'dx1M]Jgv*E'
INFO:root:Bug in list.sort() with input '['/dly;~,s9i', '"=V~sPGhwJ', 'Rrk"|8QVj\'', '#fFwPc6[1i', -373, '/ugg3A#c.S', 435, 690, -514, 137]': '<' not supported between instances of 'int' and 'str'
INFO:root:Bug in int() with input '*iEto&*!"s': invalid literal for int() with base 10: '*iEto&*!"s'
INFO:root:Bug in list.sort() with input '[-711, 'rNd`3=Nvg@', -848, 896, 927, 'M1bO_-V[8t', '),oMZTIG8J', 118, -519, 'Ux8tvmB}g+']': '<' not supported between instances of 'str' and 'int'
INFO:root:Bug in list.sort() with input '[-16, 'QR[BhpxLFu', 571, -266, 626, 'Oj_Lh#jfwN', -614, 'gudlDcG"|4', '#fG!9K5e;t', 373]': '<' not supported between instances of 'str' and 'int'
INFO:root:Bug in int() with input 'dZ{(c~WN4:': invalid literal for int() with base 10: 'dZ{(c~WN4:'
INFO:root:Bug in list.sort() with input '['t>OiOpkJUX', "&['K1@AiU(", 'Fv)"04!Z~;', 'd[DP\\Z*hus', '1wT^VT"SZ7', 'XC`:Le9i0`', 'J0hMP2M{[j', -121, -73, -158]': '<' not supported between instances of 'int' and 'str'
INFO:root:Bug in list.sort() with input '['*@yvYTS5C@', 'HU,m\\N`-m\\', 964, 102, 'VqVyO}s_Ve', -644, -365, 'R4k*?U5%wp', 772, 578]': '<' not supported between instances of 'int' and 'str'
INFO:root:Bug in int() with input 'Ae:;!@hh(2': invalid literal for int() with base 10: 'Ae:;!@hh(2'
INFO:root:Bug in list.sort() with input '["{V+_iV'-/q", '4.h8W[OCtg', -525, 9, -417, -214, -819, 507, 'FOq>$f~AN4', '~OAq?$Nw\\?']': '<' not supported between instances of 'int' and 'str'
INFO:root:Bug in list.sort() with input '['Lky[c+)*(x', -886, 'jO(m_CEfz.', 'CLYnL`QBam', '#F-0Ub0De:', 154, -657, '~\\cCr*-Von', 787, '\\WBh@VJn-/']': '<' not supported between instances of 'int' and 'str'
INFO:root:Bug in int() with input 'abc': invalid literal for int() with base 10: 'abc'
INFO:root:Bug in list.sort() with input '["0`*Nf#G'|p", 'V$?_vEX=z;', 'z-:]=Onf&_', '3DZIDnEY,_', -298, 848, -68, "2QI)UwSn'Y", -668, -958]': '<' not supported between instances of 'int' and 'str'
INFO:root:Bug in int() with input 'B$'^U@$BgY': invalid literal for int() with base 10: "B$'^U@$BgY"
INFO:root:Bug in list.sort() with input '[-589, '"Ab)40]?sF', -861, -71, '\\Rg?(O*"uK', -134, 'FIf4(myb^G', '2@Q}+a<D,"', -131, -384]': '<' not supported between instances of 'str' and 'int'
INFO:root:Bug in int() with input 'abc': invalid literal for int() with base 10: 'abc'
INFO:root:Bug in list.sort() with input '[-755, 'Jh"mPX4[,U', 546, 618, '+k\\Wy6GZpm', 'q9kwF^id?b', 'PhhE`VM5}k', 82, "'S4n~j*WJ3", 44]': '<' not supported between instances of 'str' and 'int'
INFO:root:Bug in int() with input 'c:8wb#SdIb': invalid literal for int() with base 10: 'c:8wb#SdIb'
INFO:root:Bug in list.sort() with input '['xXr7P#l4v0', -391, -259, 557, '{Dbr*DxBfX', 'xf9gR9*]"i', 535, -54, -253, -444]': '<' not supported between instances of 'int' and 'str'
INFO:root:Bug in int() with input ';c6,>CRXnA': invalid literal for int() with base 10: ';c6,>CRXnA'
INFO:root:Bug in list.sort() with input '[-329, 'NFXNbq<0AO', -954, 'CAyy>kJ6d?', -382, 278, '-TvE:Z,MYt', '\\|g2PY^[K]', 160, 'Tb9~4.mf@H']': '<' not supported between instances of 'str' and 'int'
INFO:root:Bug in int() with input '+mp0UxyRv}': invalid literal for int() with base 10: '+mp0UxyRv}'
INFO:root:Bug in list.sort() with input '['n_*$v&6348', 640, 'p9g*~MA3?:', 25, -396, -277, '_Oeg9dz9Py', 578, 845, 'S*}d-(c_~B']': '<' not supported between instances of 'int' and 'str'
INFO:root:Bug in int() with input 'Y:]`IQrc}x': invalid literal for int() with base 10: 'Y:]`IQrc}x'
INFO:root:Bug in list.sort() with input '['(1xRB^?]f@', 975, -159, '"I!^Jm\\Y_N', 'bRht0&{iqg', 'Hf:)z]}(Hm', 'B<1tF4y8Q%', 'O9]k^=S&Q9', 122, 'kR?AJ~;}<j']': '<' not supported between instances of 'int' and 'str'
INFO:root:Bug in int() with input 'iKmSC-f3~p': invalid literal for int() with base 10: 'iKmSC-f3~p'
INFO:root:Bug in list.sort() with input '[-697, 854, '>5,nk{lM(M', 482, '1~&dLYPq!v', '#:XcGS|4DO', 154, '?HN1UF>|dB', 391, 'm1{Q:s52{b']': '<' not supported between instances of 'str' and 'int'
INFO:root:Bug in int() with input 'N|k;T/6{Aq': invalid literal for int() with base 10: 'N|k;T/6{Aq'
INFO:root:Bug in list.sort() with input '[116, 'Wv4s:$oIR6', 362, "h:'<87fFH8", 'Cazt(F:k}&', -423, "<8iKx['2$P", -841, 'u1B?oU\\(zo', 816]': '<' not supported between instances of 'str' and 'int'
INFO:root:Bug in list.sort() with input '['Y]pP$@GD79', '\\%>8cxi*S"', 'Rol#i|_8P3', '}mQ7.d0nN2', 718, -982, 660, -960, 479, 777]': '<' not supported between instances of 'int' and 'str'
INFO:root:Bug in int() with input 'H}0XZ}X{8)': invalid literal for int() with base 10: 'H}0XZ}X{8)'
INFO:root:Bug in list.sort() with input '['t_n_^4jxd/', -633, 643, '\'&"\\fH&tU)', -948, 'z+ntGd}?6T', 'ZU.yN.\\~&j', -131, 'tf(E_Ld1;#', -101]': '<' not supported between instances of 'int' and 'str'
INFO:root:Bug in int() with input 'None': int() argument must be a string, a bytes-like object or a real number, not 'NoneType'
INFO:root:Bug in list.sort() with input '['-=^beA>iaN', -55, -742, -26, '1Ek<0Nj38b', "'Q,J$Lzi):", "zS8bv@4'Z*", 371, 894, -268]': '<' not supported between instances of 'int' and 'str'
INFO:root:Bug in list.sort() with input '['VMp!D]aOhG', 'SZt,l$o.6B', '~=uWqO)ffG', -443, 'Vny+W/B4s>', 616, 'ZhGa~X_DJ`', '(:d13\\dm_O', '!-*`dOhrYa', -532]': '<' not supported between instances of 'int' and 'str'
INFO:root:Bug in int() with input 'abc': invalid literal for int() with base 10: 'abc'
INFO:root:Bug in list.sort() with input '['^ocgJ2E+1H', 38, -16, '0J"9d1L"P^', -378, 622, 'm~xTn`=muo', 679, 155, "')<LM.CFkT"]': '<' not supported between instances of 'int' and 'str'
INFO:root:Bug in int() with input 'f.%Oipkp84': invalid literal for int() with base 10: 'f.%Oipkp84'
INFO:root:Bug in list.sort() with input '['dtRV=rY4J:', '=(B%~Twr\\!', "Tci>1KV;',", 962, 981, '-/?^JmM/34', 'K}8.+a.:A,', 'LRoEjZN9K{', -197, -386]': '<' not supported between instances of 'int' and 'str'
INFO:root:Bug in list.sort() with input '[330, 'l7a5vYk?8h', 563, '$vt+I3926:', 'tS9\\}d(ihq', "USqO&'Zw'm", 876, "j:wl&dm'.]", 'OruiV6]7DE', 'b,t}5w{s+w']': '<' not supported between instances of 'str' and 'int'
INFO:root:Bug in int() with input 'Uy`*;|1soJ': invalid literal for int() with base 10: 'Uy`*;|1soJ'
INFO:root:Bug in list.sort() with input '[937, -477, 228, -952, 'VXP!Bp[$\\=', 177, 163, 74, 'D3CivJWC8%', 'oJ3FTPSlt`']': '<' not supported between instances of 'str' and 'int'
INFO:root:Bug in int() with input '': invalid literal for int() with base 10: ''
INFO:root:Bug in list.sort() with input '[-566, 212, 44, '%_r1q$yOMj', 'VYCG?[wpHV', 'U41|ku]SQ+', -948, 'Eq{X0)qn,>', 921, 'hBO#1D*Pk,']': '<' not supported between instances of 'str' and 'int'
INFO:root:Bug in list.sort() with input '[-969, '(3<fS8|Bk2', 763, '\\WW6-I7Ir#', -656, 'UHbyg_:~aq', 'k}`{>[H0&3', "q{%'4BgNq:", 273, -988]': '<' not supported between instances of 'str' and 'int'
INFO:root:Bug in int() with input 'q,M#Dto0JB': invalid literal for int() with base 10: 'q,M#Dto0JB'
INFO:root:Bug in list.sort() with input '[-1000, '7dUxHwi*!)', -13, 'mI=eB!SVpk', -762, -311, "Vg:,<'a>P]", '4_\'(wnCAg"', "C%'?A:&kkK", 'pg-_qD^j_r']': '<' not supported between instances of 'str' and 'int'
INFO:root:Bug in int() with input 'None': int() argument must be a string, a bytes-like object or a real number, not 'NoneType'
INFO:root:Bug in list.sort() with input '[-789, 750, -262, 'Q:L,S1b2QA', 'eqw;2]ZCk+', '<j])F|-5|s', -444, '60J1M\\}(.a', -918, ',52$n~.7bv']': '<' not supported between instances of 'str' and 'int'
INFO:root:Bug in int() with input 'abc': invalid literal for int() with base 10: 'abc'
INFO:root:Bug in list.sort() with input '[229, 896, 'lc+t|(zsH)', 37, -879, 'q4WY6QTzCA', 'HBUp~JCuYM', 417, 'd?SD6.aV\'"', 225]': '<' not supported between instances of 'str' and 'int'
INFO:root:Bug in int() with input '>SB>dQ*zN2': invalid literal for int() with base 10: '>SB>dQ*zN2'
INFO:root:Bug in list.sort() with input '[269, 742, 'm}vfMN7.z7', 32, '"x{c+V^01^', 809, 515, -124, 'QpSDB~3GYV', 4]': '<' not supported between instances of 'str' and 'int'
INFO:root:Bug in list.sort() with input '['|n}5QqkGa\\', '<+k@F4b!Np', '#R+Fpq.(fF', 898, '$Llrn8xP7D', 19, -998, '0O?_.Mdp>(', 282, 88]': '<' not supported between instances of 'int' and 'str'
INFO:root:Bug in int() with input 'jr1af6'5l<': invalid literal for int() with base 10: "jr1af6'5l<"
INFO:root:Bug in list.sort() with input '['Tri1N!.kRN', '!&,~N$x4#?', '<Up0lJj3Wl', '=~eRQRzD2P', -131, -851, 'O+=</BNFO:', 'Nw?t,*676H', -371, 'NoU.~\\N0E$']': '<' not supported between instances of 'int' and 'str'
INFO:root:Bug in int() with input 'C9?d<2KmI9': invalid literal for int() with base 10: 'C9?d<2KmI9'
INFO:root:Bug in list.sort() with input '[-107, 113, 'e>NXT#]b^c', 'co9w]v$lck', 'l:VgY}gUmC', '(h]<cwP*NH', 976, -799, 'uF(v)@\\X,}', '4nePrGZgv>']': '<' not supported between instances of 'str' and 'int'
INFO:root:Bug in int() with input '<''6;QGOkZ': invalid literal for int() with base 10: "<''6;QGOkZ"
INFO:root:Bug in list.sort() with input '['TkDK$|.bU_', -713, '4*Ij}PXc=~', '.Xn0N_/vCQ', -900, -205, '<B$i}1hQA"', 389, 'q6EGk:WGZd', -908]': '<' not supported between instances of 'int' and 'str'
INFO:root:Bug in int() with input 'M0"Y6ENsh(': invalid literal for int() with base 10: 'M0"Y6ENsh('
INFO:root:Bug in list.sort() with input '['}EfE35dG}n', '-Nw(%SbiB@', '8fM]2\\c,%!', 490, -669, -820, 'j^KjfA@xfy', '-K!59Pq]+O', -522, 'W.*zS"9EZT']': '<' not supported between instances of 'int' and 'str'
INFO:root:Bug in int() with input 'CPo2icjG6e': invalid literal for int() with base 10: 'CPo2icjG6e'
INFO:root:Bug in list.sort() with input '['@U5#[S,VIN', ';<aymXd6:c', 364, 'riwz)2qgen', '@`jMP>(c]F', '%`4^=_9nGO', 142, 'n3+7Sn[K.V', 247, -439]': '<' not supported between instances of 'int' and 'str'
INFO:root:Bug in int() with input 'None': int() argument must be a string, a bytes-like object or a real number, not 'NoneType'
INFO:root:Bug in list.sort() with input '['"mI"p*4N[\\', 'DB$I.m$DW#', -364, '"gdrn#j~}G', 850, -776, -777, 827, -847, 939]': '<' not supported between instances of 'int' and 'str'
INFO:root:Bug in int() with input '': invalid literal for int() with base 10: ''
INFO:root:Bug in list.sort() with input '['I&r(ZWnS#7', 146, 781, '1o^2k&>9sJ', 'Iy^gH9fvZt', 'hk&zOt#`&U', '^xgr&2G)NT', -934, -474, -748]': '<' not supported between instances of 'int' and 'str'
INFO:root:Bug in list.sort() with input '[631, 'g#2qxqzWb9', 'SV?*BLQ\\YI', -890, 909, 436, '>+m_Xm4/;~', 720, 130, 'MAq8w?4Y[N']': '<' not supported between instances of 'str' and 'int'
INFO:root:Bug in int() with input '$(LYeY^U|}': invalid literal for int() with base 10: '$(LYeY^U|}'
INFO:root:Bug in list.sort() with input '["pDjq'h'XfI", -944, '#XnLLs;V#z', -599, -500, '.C64h,jC2n', "v'@sMRtfgm", 131, 'ZVs-a*e\\<e', -579]': '<' not supported between instances of 'int' and 'str'
INFO:root:Bug in int() with input '"i;;-w86I:': invalid literal for int() with base 10: '"i;;-w86I:'
INFO:root:Bug in list.sort() with input '["W@=gL=9'6Y", -454, 355, '"!@>~OkdiW', 28, 331, -114, 'ABxMHM@n7U', 464, 'i"9d"^8+j7']': '<' not supported between instances of 'int' and 'str'
INFO:root:Bug in int() with input '-(4&YOJ0S8': invalid literal for int() with base 10: '-(4&YOJ0S8'
INFO:root:Bug in list.sort() with input '["hZG?z'j.r~", "$5F2Ijo$'D", "'#0abX)@]^", 877, 'Y@E*Ll-by!', 779, 'QE54uO<>7j', -229, -807, 703]': '<' not supported between instances of 'int' and 'str'
INFO:root:Bug in int() with input '': invalid literal for int() with base 10: ''
INFO:root:Bug in list.sort() with input '[-195, -27, -90, 'Ch+h&b1Q!q', 'ja}vzz"NVG', -229, 'z@=L&-V*;o', -998, 'udv4wumdQ%', 995]': '<' not supported between instances of 'str' and 'int'
INFO:root:Bug in int() with input 'abc': invalid literal for int() with base 10: 'abc'
INFO:root:Bug in list.sort() with input '[424, 233, 505, 'DwMhE6^}Xx', '3Gkd(szm_|', -357, '5qzF<^pOrc', 'vWT=\\zkj8X', "wEf*8>'B?B", 'b"R9Szrt>[']': '<' not supported between instances of 'str' and 'int'
INFO:root:Bug in int() with input 'Ao/t^0WAdn': invalid literal for int() with base 10: 'Ao/t^0WAdn'
INFO:root:Bug in list.sort() with input '["-]_p@eee'f", -37, 979, 'i^_YfMf]LS', 929, 'E=V5}Vv^!H', -453, 592, 606, '}R]wz5SC:b']': '<' not supported between instances of 'int' and 'str'
INFO:root:Bug in int() with input 'L~CJH#LitE': invalid literal for int() with base 10: 'L~CJH#LitE'
INFO:root:Bug in list.sort() with input '[-178, 691, 'Z0gOFdXqeY', '-iEe{z)*dL', 745, -103, 626, 'lk.h}x~gky', 'DZ&eCJKJ(y', 'o|M&}|PD<+']': '<' not supported between instances of 'str' and 'int'
INFO:root:Bug in int() with input '[4+1&wM?2t': invalid literal for int() with base 10: '[4+1&wM?2t'
INFO:root:Bug in list.sort() with input '['{s*SFD7weG', -636, 'm!I3b1|9Cg', 'tUKxM+rzmq', -762, '2s)_T1968g', ')Oe,XxnkLN', -763, -233, ':)^0#R/8Li']': '<' not supported between instances of 'int' and 'str'
INFO:root:Bug in int() with input '=r^`'wq<#B': invalid literal for int() with base 10: "=r^`'wq<#B"
INFO:root:Bug in list.sort() with input '[-899, 580, 'IVC0Z3.f]s', 582, 'G:y&Q_}lqy', 967, 226, 'R_`W"pEFUR', -786, 312]': '<' not supported between instances of 'str' and 'int'
INFO:root:Bug in int() with input '': invalid literal for int() with base 10: ''
INFO:root:Bug in list.sort() with input '[')Rn?O.+H1n', -767, 'E5][H1aSVB', -375, 667, 973, 'LidTCw})XP', -390, 'Y:(,qT],T]', 'sAE/!1\\SM%']': '<' not supported between instances of 'int' and 'str'
INFO:root:Bug in int() with input '-20CT>D@);': invalid literal for int() with base 10: '-20CT>D@);'
INFO:root:Bug in list.sort() with input '['$dFr$xb^aR', 'O9uAIePQ)O', '5T%0?<:Km^', 'kK{(`\\jTiW', -199, -527, '5R4-0U@IS6', "_0dZ#'=*gK", 'ecXV1-Q|zO', 'L9(DXrbZoH']': '<' not supported between instances of 'int' and 'str'
INFO:root:Bug in int() with input 'd?CyG|}F,5': invalid literal for int() with base 10: 'd?CyG|}F,5'
INFO:root:Bug in list.sort() with input '['7g(sgTx8Bs', -308, 807, 'FX3EG8Ws3H', 473, 'Vbv^g6~foX', 945, '8.S:D+c:)y', 579, 'k[HV8`R7S<']': '<' not supported between instances of 'int' and 'str'
INFO:root:Bug in int() with input 'ifq2t=Nm,m': invalid literal for int() with base 10: 'ifq2t=Nm,m'
INFO:root:Bug in list.sort() with input '[923, '&8bnMM?9"G', 994, -655, -810, 'zXnzi4)a"t', -352, -454, -1000, -709]': '<' not supported between instances of 'str' and 'int'
INFO:root:Bug in int() with input '\Ff'+|R2zZ': invalid literal for int() with base 10: "\\Ff'+|R2zZ"
INFO:root:Bug in list.sort() with input '[339, 314, '\\=$J_piwZ`', -491, 'nGm=Xu6whC', 549, -593, 110, 362, -106]': '<' not supported between instances of 'str' and 'int'
INFO:root:Bug in int() with input 'F\EPq0MQ(\': invalid literal for int() with base 10: 'F\\EPq0MQ(\\'
INFO:root:Bug in list.sort() with input '[390, -957, -937, 'h`/QUuGAfz', 511, 49, 'w-_MbRF;g9', 492, 'OiAtU3I=75', "A5Y''DQ=E?"]': '<' not supported between instances of 'str' and 'int'
INFO:root:Bug in list.sort() with input '[-755, 747, 379, '^aq:=x7Z(n', 'mp_a[>&{ve', -222, 'a@#3b7kv2l', '(-}fLtK},g', -187, '[[{I>JEkB@']': '<' not supported between instances of 'str' and 'int'
INFO:root:Bug in list.sort() with input '["624Q0'buH%", 494, '1:j8TUN*^f', 34, 366, -437, 188, '1qnkM)Mmvq', 782, -86]': '<' not supported between instances of 'int' and 'str'
INFO:root:Bug in int() with input '5g+@IlsP,&': invalid literal for int() with base 10: '5g+@IlsP,&'
INFO:root:Bug in list.sort() with input '[636, 's(+\\[pd9Q?', 'V|qeh^J6$<', -45, '`Yy%}th99.', 177, '^$Y3VaCZN<', '"hfHvSRbyv', 739, 'U\\><B-oJr5']': '<' not supported between instances of 'str' and 'int'
INFO:root:Bug in int() with input 'WpNH6?Or3r': invalid literal for int() with base 10: 'WpNH6?Or3r'
INFO:root:Bug in list.sort() with input '[".C]0yR'F(I", 'LVk$N62X8O', 'dU#l*4m>|O', 560, '3-`Q0/=:X2', '\\L3eV#H70j', '7oErZ&,i:`', -421, '-V[_1rR6/,', 'CN0x$lpl;m']': '<' not supported between instances of 'int' and 'str'
INFO:root:Bug in list.sort() with input '['L]T6"cy2vz', 814, 994, -943, 'V\'wf$\\+,\'"', -368, 444, -455, 191, '5*eU@^BLX{']': '<' not supported between instances of 'int' and 'str'
INFO:root:Bug in int() with input 'H'ThUMMUe<': invalid literal for int() with base 10: "H'ThUMMUe<"
INFO:root:Bug in list.sort() with input '['nQ"d)9.:6j', 417, 'pRry,MhEn!', 'F0c>Z%y-}i', 'Z;1?lx/a\\T', -489, '0a+*S1?!bm', 'Fo4zcQE7W.', 'Y[a@U"(,I/', 'j->j(0`XCC']': '<' not supported between instances of 'int' and 'str'
INFO:root:Bug in int() with input 'abc': invalid literal for int() with base 10: 'abc'
INFO:root:Bug in list.sort() with input '['"H:qOr1kuc', 'xrh)7R-0(b', '6STja1|h:(', 's`<-]moNfl', 'M,DuEhaLGR', 758, 41, 806, '*wllW1|}~"', '7POL+=1EX/']': '<' not supported between instances of 'int' and 'str'
INFO:root:Bug in int() with input 'b',xU!^mPx': invalid literal for int() with base 10: "b',xU!^mPx"
INFO:root:Bug in list.sort() with input '[455, 291, -705, '!U=|*LC%>F', 'NL#v_!5(R-', 222, '<rX44s-s|k', 'mL2%G~(@~k', -376, -438]': '<' not supported between instances of 'str' and 'int'
INFO:root:Bug in int() with input '': invalid literal for int() with base 10: ''
INFO:root:Bug in list.sort() with input '[',J{c)Ap_t^', -913, 244, '7!!C)@!AU|', -509, "&[:KtYFe]'", 'W;[oh_*d_I', -959, 772, '\\L.RlX%W{$']': '<' not supported between instances of 'int' and 'str'
INFO:root:Bug in int() with input '': invalid literal for int() with base 10: ''
INFO:root:Bug in list.sort() with input '['MC+&79qBjH', 'H[5%XaD?E9', -301, "=#$qgID'<=", '/vAb@1N\\l5', "C']sF60s0e", 'l$=9Jy1f<f', "(k\\'tEIF?l", 37, -452]': '<' not supported between instances of 'int' and 'str'
INFO:root:Bug in list.sort() with input '['MJ2<I~vHr.', 483, -946, -359, 345, -959, -167, 'prCOI9sOB?', ")}Sy#I#'dr", 'S?.V;P}x6O']': '<' not supported between instances of 'int' and 'str'
INFO:root:Bug in int() with input 'lSTZEVYKbz': invalid literal for int() with base 10: 'lSTZEVYKbz'
INFO:root:Bug in list.sort() with input '[-423, "]*#wX;'.NM", -81, -858, 'DRL+$r:p"E', -803, 'XT0ER(m[At', 453, 129, 'tf>*{4==+:']': '<' not supported between instances of 'str' and 'int'
INFO:root:Bug in int() with input '~6gFD]YA.Z': invalid literal for int() with base 10: '~6gFD]YA.Z'
INFO:root:Bug in list.sort() with input '['>i`JQe8CN2', '(p-0q)ZUb]', 'h|>I.HT>4m', 'l@B3V:\\EZ8', 791, '8&Dnji\\IpQ', 160, 'Gp_P_w3w:M', 824, 564]': '<' not supported between instances of 'int' and 'str'
INFO:root:Bug in int() with input '`Un{D((X\:': invalid literal for int() with base 10: '`Un{D((X\\:'
INFO:root:Bug in list.sort() with input '[-589, 'BFTcy}.0)<', 'VIqZG,eUq8', '&)V~~JmM.Q', 404, -972, 'Gz}a-.=<c%', -130, 'zX0:ccCH_>', '+bVA.Ou+N@']': '<' not supported between instances of 'str' and 'int'
INFO:root:Bug in int() with input 'cgf;Ue@`xE': invalid literal for int() with base 10: 'cgf;Ue@`xE'
INFO:root:Bug in list.sort() with input '[-741, "=+f:R9'jh5", 308, -645, -385, "'\\~vLG;xWU", 'KQI<:l)c0W', ';])AJ"D-=}', 740, 'X|9;X<hri%']': '<' not supported between instances of 'str' and 'int'
INFO:root:Bug in int() with input '.%.g3_+"sO': invalid literal for int() with base 10: '.%.g3_+"sO'
INFO:root:Bug in list.sort() with input '[982, 758, 'LYU~YpvjWY', 'g[8bLi;x8#', 433, 's6ttF-;sJ=', 'I-RIg#4;:y', 816, '(8C=!5wkzg', '7|}LYIEnRn']': '<' not supported between instances of 'str' and 'int'
INFO:root:Bug in int() with input 'QJPj9u5i!c': invalid literal for int() with base 10: 'QJPj9u5i!c'
INFO:root:Bug in list.sort() with input '["}?g'uUAyWW", -541, ':ndFe-,*iB', "5on9/GR'o0", 326, '{do(G[x?1g', '"F|SoD]<a4', '?E}[>WL*`~', 'Ilm`M<ShK<', -523]': '<' not supported between instances of 'int' and 'str'
INFO:root:Bug in list.sort() with input '['OVl*yYHxvI', 'JHMAy8u`]^', -854, 's{+ig9d1/q', ';o?[BGBN,]', -339, 914, -120, '1oH$QH!7Ay', -848]': '<' not supported between instances of 'int' and 'str'
INFO:root:Bug in int() with input 'gXKKz>@aK:': invalid literal for int() with base 10: 'gXKKz>@aK:'
INFO:root:Bug in list.sort() with input '['X-NkCo"Ik4', -92, 'eO|u0?5l?1', -435, "?+'hE:TUD>", "'4iXbBDNfm", '1p^LnIBp?9', 644, -484, 'Y~c403kN4k']': '<' not supported between instances of 'int' and 'str'
INFO:root:Bug in int() with input 'abc': invalid literal for int() with base 10: 'abc'
INFO:root:Bug in list.sort() with input '['2B.DYC)>kS', '6p+u}L=Dc{', -505, 'R%?I7;L"CO', 455, 'ZCnU~>=DHS', ':Rj-)o^,cG', 554, -532, 311]': '<' not supported between instances of 'int' and 'str'
INFO:root:Bug in int() with input '0pi\vOkW#N': invalid literal for int() with base 10: '0pi\\vOkW#N'
INFO:root:Bug in list.sort() with input '['RzO7DI_bf8', '0LK(N[wEPV', 309, 444, 976, ')QU"j{ubb<', '(Y]~gH5LR5', 708, 502, -977]': '<' not supported between instances of 'int' and 'str'
INFO:root:Bug in int() with input '1e~h&[fP@/': invalid literal for int() with base 10: '1e~h&[fP@/'
INFO:root:Bug in list.sort() with input '['ik.[PoXcZs', '-YA-Y{EKpc', 'WqhC!dFOoX', "LG'$MQS]Dd", -585, 'Ey8=xa&iLH', 223, '0v.bN;G8x+', "wsTb`'zc?m", 583]': '<' not supported between instances of 'int' and 'str'
INFO:root:Bug in int() with input 'uSmu4:3bX\': invalid literal for int() with base 10: 'uSmu4:3bX\\'
INFO:root:Bug in list.sort() with input '[-742, 'BM#gNdxP^Q', '*`LKK-m[b&', 968, 'a939r{_E:]', ';)//394K%z', 853, 231, 198, '\\+MZgh-S-t']': '<' not supported between instances of 'str' and 'int'
INFO:root:Bug in int() with input 'abc': invalid literal for int() with base 10: 'abc'
INFO:root:Bug in list.sort() with input '['&f>F_,"\\P:', "@1T]O#'yz(", 243, -476, 870, -741, '|ZeD;:?S/W', ';34*G4)s[O', ')GDtXyA@uk', 169]': '<' not supported between instances of 'int' and 'str'
INFO:root:Bug in list.sort() with input '[-316, 'Emid#B[.,T', '!rufF-]4\\t', 'unD$9M4*W$', 'be7506&gfl', 'q,[:#Q2u=V', '7k{E-}N-g.', 'zk#d5IXjq\\', '8G?5Z`c7$b', 68]': '<' not supported between instances of 'str' and 'int'
INFO:root:Bug in int() with input '&eOam|Z6o0': invalid literal for int() with base 10: '&eOam|Z6o0'
INFO:root:Bug in list.sort() with input '[-637, '4nLLi.M[0m', 802, 'g2kw@&;b&]', -537, '6"ys8IE6$H', -615, -329, 602, 'R?rZSGxmm7']': '<' not supported between instances of 'str' and 'int'
INFO:root:Bug in int() with input 'None': int() argument must be a string, a bytes-like object or a real number, not 'NoneType'
INFO:root:Bug in list.sort() with input '['}lE,&zdAQ_', 'Xkky?Yy/dr', -840, 619, -946, -340, 634, '.3G]])C6&0', ';3|(J4ybik', 'y`0.ooM:&G']': '<' not supported between instances of 'int' and 'str'
INFO:root:Bug in int() with input 'h.DIZoe<n8': invalid literal for int() with base 10: 'h.DIZoe<n8'
INFO:root:Bug in list.sort() with input '[58, '/"!P9jc9yH', -527, 766, -544, 603, 89, -727, 'bap4S09J4E', '`^rR$N;.Jf']': '<' not supported between instances of 'str' and 'int'
INFO:root:Bug in int() with input 'abc': invalid literal for int() with base 10: 'abc'
INFO:root:Bug in list.sort() with input '[-760, -860, 387, -702, 'etC>-b_cIX', 'v@n@bog)V`', -999, "DNE#Y'5wzu", -714, 439]': '<' not supported between instances of 'str' and 'int'
INFO:root:Bug in list.sort() with input '['/qJg!XPw7D', ',g@zpZI`G"', '(k88MW!Vmf', -134, 720, -466, -868, -31, '=#"W-cMDCQ', -459]': '<' not supported between instances of 'int' and 'str'
INFO:root:Bug in list.sort() with input '['-o4pYeK9Pa', -602, 523, 'fxyHn.t$XG', '"5W;x/Jbl?', '7ai!8x(sj\\', 'Xw&axYmSJu', 91, '=dJuHE%;J>', -685]': '<' not supported between instances of 'int' and 'str'
INFO:root:Bug in int() with input 'None': int() argument must be a string, a bytes-like object or a real number, not 'NoneType'
INFO:root:Bug in list.sort() with input '[']O;^\\_~L9i', -319, 'CqVt~-/h^M', 'WyT"kM*Nc0', 784, -270, "~;P'QKrBKp", '(r`%cVrdi]', 627, 'V;8Zf-nT~u']': '<' not supported between instances of 'int' and 'str'
INFO:root:Bug in int() with input '&@(-G@w:uK': invalid literal for int() with base 10: '&@(-G@w:uK'
INFO:root:Bug in list.sort() with input '[',voRr2`-(c', 'f2cKT~d5e|', 367, 'ZS<KpEPWzN', 581, '"-]KL8.r3U', 'MNM|!GrLV1', 'dSnU#0kG_0', -680, 'uLA}5?o{By']': '<' not supported between instances of 'int' and 'str'
INFO:root:Bug in list.sort() with input '[293, '.@-WPoB;-x', -1, 'h5J\\;4yCZb', -257, 926, 'v"s\'E0z0&l', 'jS!ME-vIx*', -861, 'aNC0QI)+Uy']': '<' not supported between instances of 'str' and 'int'
INFO:root:Bug in int() with input '|5sxYPbw._': invalid literal for int() with base 10: '|5sxYPbw._'
INFO:root:Bug in list.sort() with input '[316, '{YW-h,)N2z', 'mhQwFM(u0]', -967, 'V]M"1AMLM\\', 65, -5, ';C+a6}Bw(c', 'R-h3NDe8@[', "eagz'I^+/}"]': '<' not supported between instances of 'str' and 'int'
INFO:root:Bug in list.sort() with input '['%+1*5]p^2p', 'cDW{|t%J=o', '#_(MbeSeX#', '@P@DPzpiyt', 'Psy>y,wKdW', 647, 623, 682, -832, '1<STGd#VUM']': '<' not supported between instances of 'int' and 'str'
INFO:root:Bug in int() with input '': invalid literal for int() with base 10: ''
INFO:root:Bug in list.sort() with input '[794, 596, ':?bz\\D^/Z?', -684, 'ustf_RN0we', -85, 'R*Hq]CUwU{', -7, -733, ':>VH3oPur&']': '<' not supported between instances of 'str' and 'int'
INFO:root:Bug in int() with input '(a30^X<6uQ': invalid literal for int() with base 10: '(a30^X<6uQ'
INFO:root:Bug in list.sort() with input '[-416, -591, 43, 'dZ8OVv1{q$', -878, -348, '_>[LA&}2\\\\', 'sP]CY\\%ZZq', '@,K^NSVVHl', -573]': '<' not supported between instances of 'str' and 'int'
INFO:root:Bug in int() with input 'abc': invalid literal for int() with base 10: 'abc'
INFO:root:Bug in list.sort() with input '['fWl;n2x]9e', '4QF^pABkmm', 'IX;TKjWS0V', -462, 'BWozW("sTh', 266, 358, 'ZLlvG3Tv5r', 110, ')<(w&",A@Z']': '<' not supported between instances of 'int' and 'str'
INFO:root:Bug in list.sort() with input '[688, -24, '\\CHy;=Vpib', 503, 759, 'Kwugu)nzqu', 'fl4jq5vPh+', -942, 'BQq0!*]|q{', 751]': '<' not supported between instances of 'str' and 'int'
INFO:root:Bug in int() with input 'abc': invalid literal for int() with base 10: 'abc'
INFO:root:Bug in list.sort() with input '[348, 632, 284, 'C/L!3:q]l|', -819, 'C`gv3X},(i', 423, 795, 'aU8g."fO?W', '8Ihx;%#JQF']': '<' not supported between instances of 'str' and 'int'
INFO:root:Bug in list.sort() with input '['KU:f/Tc"_+', 255, -977, 'JbIkF6~!h)', 'TyDxXhkU6+', 113, 'FwlF$aBAp_', 998, '<O-MV&{pcs', 'p.nHbY#osW']': '<' not supported between instances of 'int' and 'str'
INFO:root:Bug in int() with input 'zXd=x0)\pU': invalid literal for int() with base 10: 'zXd=x0)\\pU'
INFO:root:Bug in list.sort() with input '['u|t|O&KEc.', 'pK9+a9+~-B', 852, 'Kwqf>Bl$EN', -806, -540, -887, "Q67YK'my8n", 'mSdMM4uE7%', -417]': '<' not supported between instances of 'int' and 'str'
INFO:root:Bug in int() with input '': invalid literal for int() with base 10: ''
INFO:root:Bug in list.sort() with input '[-535, 'I14?I\\DKBD', -938, '1W_)S,KA>P', ';5P$`:/B10', 'Fi_qPP`M7k', 966, 'aw%lu`B`$0', 755, 'BKCy7C$_<$']': '<' not supported between instances of 'str' and 'int'
INFO:root:Bug in list.sort() with input '[284, -766, 537, -565, '`eaZv%wB?)', 'a$m2uTA~6u', -595, 879, '3eyi+NW8yO', -831]': '<' not supported between instances of 'str' and 'int'
INFO:root:Bug in int() with input 'Rb[n?s"YYE': invalid literal for int() with base 10: 'Rb[n?s"YYE'
INFO:root:Bug in list.sort() with input '['yZlY(qYe\\-', -535, 416, '&wRcZ6{T.;', 591, '[X(R9>[o<=', 196, 'YjWnQ8F[z1', '/W71S~,*g!', '`H(Wofjh`P']': '<' not supported between instances of 'int' and 'str'
INFO:root:Bug in int() with input 'abc': invalid literal for int() with base 10: 'abc'
INFO:root:Bug in list.sort() with input '['t!09F|tm}B', -940, 'P}xf/F4ejj', 101, 'jCf=R0"9_]', "lDiudo'~Aw", '%2Ec%}Yh~:', 'i-qn<l8aP.', 'Win}Tq+:*d', 'HAN~z^[Y!c']': '<' not supported between instances of 'int' and 'str'
INFO:root:Bug in list.sort() with input '['*J"=f;phKf', 'XxWuY!)[;v', 493, 694, 'Fr[BD(-SJj', 470, 697, -358, 's&L|H`<kZV', 521]': '<' not supported between instances of 'int' and 'str'
INFO:root:Bug in int() with input 'tIANEZ@"dT': invalid literal for int() with base 10: 'tIANEZ@"dT'
INFO:root:Bug in list.sort() with input '['SPDN@eF*%Y', '<:-9nyESOI', 'hCZK-t<xTB', 'Ngwr"IVyPI', 'u^31pV[N`R', 138, -824, 'qp>dB@W#A&', 112, -807]': '<' not supported between instances of 'int' and 'str'
INFO:root:Bug in int() with input 'n%)mW5@;+?': invalid literal for int() with base 10: 'n%)mW5@;+?'
INFO:root:Bug in list.sort() with input '['tR^5Lme^F/', 181, 264, 567, 'Akq!4g6mse', 'slbjNtLn9r', 82, 13, 9, -575]': '<' not supported between instances of 'int' and 'str'
INFO:root:Bug in int() with input '': invalid literal for int() with base 10: ''
INFO:root:Bug in list.sort() with input '['=mSlr?0;}?', '}NkRSd$Di[', -46, 'M~UVMMa2,(', 991, 998, '.o[7H?Hs.W', '[/fE9!^KwW', -685, '!ENDRBLM.d']': '<' not supported between instances of 'int' and 'str'
INFO:root:Bug in list.sort() with input '[-658, -666, '[=kvGtdf5.', -463, '6&p7_o:nWj', '8C(LHynG]n', '&/$uT}-R<5', -889, -294, -183]': '<' not supported between instances of 'str' and 'int'
INFO:root:Bug in int() with input 'abc': invalid literal for int() with base 10: 'abc'
INFO:root:Bug in list.sort() with input '['n7%?z1a="`', 'rJbt=O.R`z', 230, 77, 'w:|#~H,!3/', -491, '1_IEN/a?e|', 448, 'u93c-s\\y+w', -10]': '<' not supported between instances of 'int' and 'str'
INFO:root:Bug in int() with input 'f3L!h5#\ge': invalid literal for int() with base 10: 'f3L!h5#\\ge'
INFO:root:Bug in list.sort() with input '['%_.K8OH"!S', 776, '!F4Jcnq8J%', 'dG*9TC!_-g', 763, 'L~_<9:#B~L', '#laJ}y-*7:', 'O:PP4MnE4P', 'rl658k``C(', -993]': '<' not supported between instances of 'int' and 'str'
INFO:root:Bug in int() with input 'd<3l*ZRKBZ': invalid literal for int() with base 10: 'd<3l*ZRKBZ'
INFO:root:Bug in list.sort() with input '['jv^Dd6Ju7"', '!-RafUAVCx', '(2vcCx)cyW', -769, '"Ut-=}Cwd2', -726, -718, 'KdzfE.MtD(', -669, '4;(jwe:+9N']': '<' not supported between instances of 'int' and 'str'
INFO:root:Bug in list.sort() with input '[']k8T{A$H)b', 'w_nJtF8[s{', '8yl:9lH]hJ', -475, 946, -984, 'ZFgcq4a[6V', 794, -948, 'c,mIpj#;A$']': '<' not supported between instances of 'int' and 'str'
INFO:root:Bug in int() with input 'x`klZnV+6n': invalid literal for int() with base 10: 'x`klZnV+6n'
INFO:root:Bug in list.sort() with input '[200, '1VM9V8IPi]', 197, 'wKHM99C+{M', '5nj\\Du4$/{', 19, 938, '/|dD\\fOXXE', 933, 'J$P\\4IcJ<e']': '<' not supported between instances of 'str' and 'int'
INFO:root:Bug in list.sort() with input '[-132, 'fTYejQvieg', 'nSezY<~vfm', 'i3Q/r:0)Mo', 724, 'jez8R]"wX=', '|#WOv#N*a]', 'JJ~Xurice`', -391, 'g&mPPFGg<r']': '<' not supported between instances of 'str' and 'int'
INFO:root:Bug in list.sort() with input '[-529, 'P+fr~{fOY6', 'G+|97RG7au', '/iS+{o~c^~', -389, -916, -799, '?LK+6D:F~:', 'mI7:!JWp,d', '0PM)7YW0~y']': '<' not supported between instances of 'str' and 'int'
INFO:root:Bug in list.sort() with input '['kc]:|jeYh~', 'o87ch);hkJ', 35, 179, 799, -994, 'Ba9na<8^L{', 507, '}pSK=e?jgG', -306]': '<' not supported between instances of 'int' and 'str'
INFO:root:Bug in list.sort() with input '[-898, 'FHo]R@6TRy', ']BnNc9[7#8', 345, 'c28gwN%v`R', -314, '(~ECdi(R>T', 'ZzOM|=;;&B', 'a?l+j{5R0U', '5X:~4sztBY']': '<' not supported between instances of 'str' and 'int'
INFO:root:Bug in int() with input 'abc': invalid literal for int() with base 10: 'abc'
INFO:root:Bug in list.sort() with input '['6d\'CduB}"f', 'bqm0%*V8Y=', 379, -678, 'L0YeNdgG}D', '}n$h[t[K6=', 'gE|d>$Pe97', 'Br|D:p47?k', -563, -134]': '<' not supported between instances of 'int' and 'str'
INFO:root:Bug in int() with input '': invalid literal for int() with base 10: ''
INFO:root:Bug in list.sort() with input '[-804, '=?no]]-\\>c', '?ss~xB1e(`', '1:@8``WJsW', -765, '5n*YV"kx]Y', 'A@^~-]L>XW', -306, -391, -371]': '<' not supported between instances of 'str' and 'int'
INFO:root:Bug in list.sort() with input '['\\-8gS}NxO,', 998, -673, 586, ';tPD=p1OW5', '1%Ad-&Sz:v', '`3wDHHd~X:', 138, -533, -484]': '<' not supported between instances of 'int' and 'str'
INFO:root:Bug in int() with input 'J0\IesNHl?': invalid literal for int() with base 10: 'J0\\IesNHl?'
INFO:root:Bug in list.sort() with input '["uNs=$iOGW'", 485, 'T!Dzu7+-1~', '};L#S`U%PI', 841, -102, -125, "(/'@8(8CdQ", "^`'}lur<HC", '.Vp<m,l"]=']': '<' not supported between instances of 'int' and 'str'
INFO:root:Bug in list.sort() with input '[-761, -809, ')U{k:E@w$.', -882, '8.w"&}m%MY', 'FjQu|FjV?r', 357, -555, "#yKY'&XguW", 'R)(d&Bj|,e']': '<' not supported between instances of 'str' and 'int'
INFO:root:Bug in int() with input 'None': int() argument must be a string, a bytes-like object or a real number, not 'NoneType'
INFO:root:Bug in list.sort() with input '[106, 927, '#5xY1ID%&p', -111, '~j")V@EvR:', 'sLev?!%lJ(', "Xu&#'FEys7", -183, 'HO4\\>0MBN)', 927]': '<' not supported between instances of 'str' and 'int'
INFO:root:Bug in int() with input 'H8%ze#G-`G': invalid literal for int() with base 10: 'H8%ze#G-`G'
INFO:root:Bug in list.sort() with input '['t1pb_#_{N9', 'T/\'"Y[dzb!', -169, 744, 647, 329, -913, 441, 'SJXyPxy~)O', 528]': '<' not supported between instances of 'int' and 'str'
INFO:root:Bug in int() with input '2;udaX!]lo': invalid literal for int() with base 10: '2;udaX!]lo'
INFO:root:Bug in list.sort() with input '['`\\1KJL!2k=', 'o>|(CVv[nQ', 'T7|G)^r*}8', 283, 838, -624, -368, 'lvUu"v@\'\\f', -467, 20]': '<' not supported between instances of 'int' and 'str'
INFO:root:Bug in int() with input 'o0/GVRh[tQ': invalid literal for int() with base 10: 'o0/GVRh[tQ'
INFO:root:Bug in list.sort() with input '[';3jrjn-4w@', 252, 'yPaX9NqzA^', 'C{63"6qt7x', -199, 176, -848, 'yL#D$eI(<9', 'zBi+Pm+|:2', '?)VEqvqq8X']': '<' not supported between instances of 'int' and 'str'
INFO:root:Bug in int() with input 'abc': invalid literal for int() with base 10: 'abc'
INFO:root:Bug in list.sort() with input '['H)\\.eD6R?(', -482, -414, 223, '.s\\J#)\\2/d', 'T,QG;uDU]*', -739, '@cmkOTTGTQ', -768, '3N`)UQKCG<']': '<' not supported between instances of 'int' and 'str'
INFO:root:Bug in list.sort() with input '['$yBm89K/|*', -393, 667, "L$SvF'b=\\2", 248, 'uX#4>\\$?-F', 'v^\\JYS@fZN', 868, -581, ')Lh]hP}E!a']': '<' not supported between instances of 'int' and 'str'
INFO:root:Bug in int() with input 'rHEoZ\M;y#': invalid literal for int() with base 10: 'rHEoZ\\M;y#'
INFO:root:Bug in list.sort() with input '['cpwn\\qF+1i', -8, 'i-Om:[?T,j', 443, 686, ']b,>!+QXEr', -486, 479, 'II{Q40Yb@w', '$/:dajsN1N']': '<' not supported between instances of 'int' and 'str'
INFO:root:Bug in list.sort() with input '['pGNEu\\_L&*', -205, -593, '1sx2/?>J+~', -388, -285, 'lg%8O(4n3J', 'Fly%-k4{Ab', 168, 103]': '<' not supported between instances of 'int' and 'str'
INFO:root:Bug in int() with input 'lG&ZeMWNNY': invalid literal for int() with base 10: 'lG&ZeMWNNY'
INFO:root:Bug in list.sort() with input '['Hdwe1+d{#h', 7, 728, 'i?#M*S~%s3', 'ioI#VKtm6,', 259, 'h@+{O_fYE^', 430, -911, -258]': '<' not supported between instances of 'int' and 'str'
INFO:root:Bug in int() with input 'abc': invalid literal for int() with base 10: 'abc'
INFO:root:Bug in list.sort() with input '['$v\\FBCNu%0', 326, 'S:gnz+vc[R', 'OC-nm3[Nx7', '.#8,uWXu^:', -987, 994, -781, -311, '_`yh}LtUAa']': '<' not supported between instances of 'int' and 'str'
INFO:root:Bug in int() with input '5B'=ljX3x9': invalid literal for int() with base 10: "5B'=ljX3x9"
INFO:root:Bug in list.sort() with input '[813, '|#We$jW@Co', 'Y+R=.J/ZY(', "'=$&1leUVz", 150, 65, 'TnQklC-d@D', -773, '|nOr"M~mpG', -36]': '<' not supported between instances of 'str' and 'int'
INFO:root:Bug in list.sort() with input '['X.}sHa>\\NS', -375, 'f3TNLfSMyB', -34, 557, 'SL?CE*Z!L,', 661, 'H}z%-K$_rv', '^O\\{PeLWc1', 222]': '<' not supported between instances of 'int' and 'str'
INFO:root:Bug in int() with input 'Rl0/;Vk{y~': invalid literal for int() with base 10: 'Rl0/;Vk{y~'
INFO:root:Bug in list.sort() with input '['#&eppd28CT', -480, -243, 'oiDpg)6F}A', '%udjaztdFw', 'MyIY,=Iox/', -408, -443, 615, -740]': '<' not supported between instances of 'int' and 'str'
INFO:root:Bug in int() with input '': invalid literal for int() with base 10: ''
INFO:root:Bug in list.sort() with input '['AF7N]Fk#mY', -410, 445, 'U4]7;e;/_p', -351, '3=|T;upPSE', '=zB0=e_sFF', 702, "v[V#B$d',P", 652]': '<' not supported between instances of 'int' and 'str'
INFO:root:Bug in list.sort() with input '[-779, 'AAp-;~HIc9', 826, 'EO\\gc_1AAA', ')jBMSPit+c', 'n/^8=igQdt', -946, '}w:_#]vAk4', 'BMzE^2V}qr', -231]': '<' not supported between instances of 'str' and 'int'
INFO:root:Bug in int() with input '}+9IoSzw5K': invalid literal for int() with base 10: '}+9IoSzw5K'
INFO:root:Bug in list.sort() with input '[-561, '\\m.E,]xw)y', 'czq_=:)^S;', 162, -458, 324, 'Jc0]6;"h&n', '_VQHbJr0*R', '`GeG1Ss"CU', ';0p!;L/"V*']': '<' not supported between instances of 'str' and 'int'
INFO:root:Bug in int() with input '6^e3y5bYq.': invalid literal for int() with base 10: '6^e3y5bYq.'
INFO:root:Bug in list.sort() with input '[291, 'CCT2}*bcxC', '``UgM;zVq<', 911, ',wE+;yq@0;', 'l*,?/!s3yk', '+_lo~?utcs', 193, -843, '/R}~@|B.Av']': '<' not supported between instances of 'str' and 'int'
INFO:root:Bug in list.sort() with input '['[%=%Wis.RG', 'r~mTn|ZgN{', ':f8@ZXDyUJ', '%W:\\|VdtFV', 'JdAf&a^-ot', 'e|%6[%rtev', 895, 'yG;\\N).jve', '0K?!w61mwc', 919]': '<' not supported between instances of 'int' and 'str'
INFO:root:Bug in int() with input 'EbA4R\"/R3': invalid literal for int() with base 10: 'EbA4R\\"/R3'
INFO:root:Bug in list.sort() with input '['CWW2Qjeq2x', 683, 'W[@n,rYpi{', 176, 384, '@ML*rz?Kjw', 0, '4Po1eg</5l', '\\tw/m>UC\\j', -837]': '<' not supported between instances of 'int' and 'str'
INFO:root:Bug in int() with input '7iJvXA9[\;': invalid literal for int() with base 10: '7iJvXA9[\\;'
INFO:root:Bug in list.sort() with input '["s0a\\\\e'+;+", 123, "w'fn#c*p,Z", 673, 'b]/k\\`?H1c', 199, -635, 549, 714, 'F-@"EAeROp']': '<' not supported between instances of 'int' and 'str'
INFO:root:Bug in int() with input 'None': int() argument must be a string, a bytes-like object or a real number, not 'NoneType'
INFO:root:Bug in list.sort() with input '['kc]/W~Q5Iv', 'bW}(%UXG^@', 399, -630, 705, -264, '@,_&(?<}0*', -158, 'nH~\\Z9h)Zx', 690]': '<' not supported between instances of 'int' and 'str'
INFO:root:Bug in int() with input 'None': int() argument must be a string, a bytes-like object or a real number, not 'NoneType'
INFO:root:Bug in list.sort() with input '[691, 475, 494, -739, 'kWu3=bvbn%', 'MZ,^*E.4u@', '~^%)]QN9k\\', 136, '/}p;!4h~](', 'zp@{!1G;b#']': '<' not supported between instances of 'str' and 'int'
INFO:root:Bug in list.sort() with input '['<@njaz&;uY', '[k`~i~j2$7', -831, 'Z:/6:py;ag', "HE.?4=%3q'", -103, 303, -50, -335, 'imN/Y=^MfU']': '<' not supported between instances of 'int' and 'str'
INFO:root:Bug in int() with input 'p|46[C|#R2': invalid literal for int() with base 10: 'p|46[C|#R2'
INFO:root:Bug in list.sort() with input '[615, 742, -894, '%d3H1z5F}g', '7.)n{c:k)(', -193, 535, 28, '!%Or8\\chjM', -872]': '<' not supported between instances of 'str' and 'int'
INFO:root:Bug in int() with input '^kUYPOf9b]': invalid literal for int() with base 10: '^kUYPOf9b]'
INFO:root:Bug in list.sort() with input '["U+E'>wIg:a", 'C/:*/M#r|0', 'zJ23urMkQ,', ',"w<cR\\zJ,', 960, 'WIlq\\<s#Rn', 572, -570, '%eyAJA;L!~', '.bk<S<Ljtc']': '<' not supported between instances of 'int' and 'str'
INFO:root:Bug in int() with input 'None': int() argument must be a string, a bytes-like object or a real number, not 'NoneType'
INFO:root:Bug in list.sort() with input '['?%%+bc2[_/', '6$v&K-WMWU', 559, 'SN4FUZB+V~', -872, 'aU0#6Q6hC$', 'yW5VJ8G;$]', '^AT}([xS+(', -264, 'v/u}J(2C(P']': '<' not supported between instances of 'int' and 'str'
INFO:root:Bug in int() with input '!OFh;mdpB;': invalid literal for int() with base 10: '!OFh;mdpB;'
INFO:root:Bug in list.sort() with input '[-861, 659, 544, 245, 160, 526, 'tXFU,r>{4p', "gjqj)'rA>c", 699, 257]': '<' not supported between instances of 'str' and 'int'
INFO:root:Bug in int() with input 'ay:O!w%jCa': invalid literal for int() with base 10: 'ay:O!w%jCa'
INFO:root:Bug in list.sort() with input '['Prrm3XJEIL', 151, 'd(AAgOoqMN', 919, 225, 367, '[qx%-LzvBS', 86, 'ZQWg:p#B^<', 502]': '<' not supported between instances of 'int' and 'str'
INFO:root:Bug in int() with input 'Cn>M9$]Oo3': invalid literal for int() with base 10: 'Cn>M9$]Oo3'
INFO:root:Bug in list.sort() with input '['OD0-#s.Q)|', -790, ',1@[T)v<Ep', -374, 'la`O$5S5&N', -405, '0&C;1BCoO^', -588, 'Y9DGG8%f8>', 294]': '<' not supported between instances of 'int' and 'str'
INFO:root:Bug in int() with input 'V]65q:Z5S_': invalid literal for int() with base 10: 'V]65q:Z5S_'
INFO:root:Bug in list.sort() with input '[70, 458, -892, '#AOjr"k<Xy', 374, 200, "@K-_1U;fD'", -773, -191, 'r%bQsjIp!E']': '<' not supported between instances of 'str' and 'int'
INFO:root:Bug in list.sort() with input '[145, '(!=`YGQ2|Y', '^%H2{g&{EF', 'X0;rVyDl}F', 347, 348, "DbaNZX'/U`", '>M+LTA$gm)', -993, '<kTH+F4<r)']': '<' not supported between instances of 'str' and 'int'
INFO:root:Bug in int() with input 'IKiK8Gulb>': invalid literal for int() with base 10: 'IKiK8Gulb>'
INFO:root:Bug in list.sort() with input '['oa4X$0o}|B', 829, 'wi~lgesF*9', 473, 'X,@/I_:\\_;', 738, -560, 'Jo8x%xBD?F', '/kRYLB}<ro', -779]': '<' not supported between instances of 'int' and 'str'
INFO:root:Bug in int() with input 'XuP@\M/XBp': invalid literal for int() with base 10: 'XuP@\\M/XBp'
INFO:root:Bug in list.sort() with input '["U';Z\\piNE|", 'HK0f+r^]^R', 794, -205, '/gIn6?8nDq', 'y-khq/p#XG', 173, 444, -939, 'b\\b!c7=xE<']': '<' not supported between instances of 'int' and 'str'
INFO:root:Bug in int() with input 'abc': invalid literal for int() with base 10: 'abc'
INFO:root:Bug in list.sort() with input '[966, 'h9|"5mPXgx', '=beY"vu<sd', "^C@/'n`W!^", 'mta+>{u]%[', 259, '"=}*+&.fRL', -347, '<fR:B!S^hc', 'R{b&s&`]ut']': '<' not supported between instances of 'str' and 'int'
INFO:root:Bug in int() with input 'abc': invalid literal for int() with base 10: 'abc'
INFO:root:Bug in list.sort() with input '['+aqRQMbWu1', 'X%agQwz9LD', '__H-4TD;[}', "V6r]-W2zZ'", -417, 'CC*\\1\\|77t', 62, 'r6YhMwrY6z', -578, 52]': '<' not supported between instances of 'int' and 'str'
INFO:root:Bug in int() with input 'JD5ZA]e._j': invalid literal for int() with base 10: 'JD5ZA]e._j'
INFO:root:Bug in list.sort() with input '[288, 525, '7>w:MYU;lt', 417, 'Ge_?.WpAgF', ']wuR[]u!.@', 219, 663, 'ci.5Jdpi;5', "'~M:1w3QQ3"]': '<' not supported between instances of 'str' and 'int'
INFO:root:Bug in int() with input '(Fl-nucCEZ': invalid literal for int() with base 10: '(Fl-nucCEZ'
INFO:root:Bug in list.sort() with input '[659, 'T)h%`z4vsa', -400, -422, 233, 'p*&|>L?.EW', 'o2&aL@gII)', -726, '/;4Eghlz6]', "~g?v|7sh'l"]': '<' not supported between instances of 'str' and 'int'
INFO:root:Bug in int() with input 'W1]kK1;U/h': invalid literal for int() with base 10: 'W1]kK1;U/h'
INFO:root:Bug in list.sort() with input '['cSmI.8]I!%', -558, 'ah,n@WV:PD', -462, 'NM@E:w~#Ze', "{l!'kt+qXp", '&BF"swTU3p', 620, -757, -288]': '<' not supported between instances of 'int' and 'str'
INFO:root:Bug in int() with input 'abc': invalid literal for int() with base 10: 'abc'
INFO:root:Bug in list.sort() with input '[')rBZ]c=@i1', 542, -70, 'J=`^c\\d>k\\', '[h$kA@W0mr', 130, '0C@2fHp&sL', 478, 'HA`r5UN4M[', -314]': '<' not supported between instances of 'int' and 'str'
INFO:root:Bug in int() with input '^Q~X80I@Ik': invalid literal for int() with base 10: '^Q~X80I@Ik'
INFO:root:Bug in list.sort() with input '[52, '!iEi;:6yyc', 824, '_oXR<:@)mw', 'v:/e2yK"G`', 616, 'Hz4FK?R@e[', '6R4/Yxl:-E', -960, 566]': '<' not supported between instances of 'str' and 'int'
INFO:root:Bug in int() with input 'Zuza1O??Qq': invalid literal for int() with base 10: 'Zuza1O??Qq'
INFO:root:Bug in list.sort() with input '[-175, 413, 706, 790, -447, '*kjuIoC6h^', '3IqThZ`Kk"', 'HQ?-?&uO*A', 'S0e%XoI(iq', 338]': '<' not supported between instances of 'str' and 'int'
INFO:root:Bug in int() with input '}.3>i$7|Q/': invalid literal for int() with base 10: '}.3>i$7|Q/'
INFO:root:Bug in list.sort() with input '[651, 'mIc\\Dnr$&c', 'v+1FmP,wS"', 'QGlJZ|my64', -518, 18, '1c=&#&mK~x', 363, '^)Y+Fcw-RT', 'go]FYC;u1e']': '<' not supported between instances of 'str' and 'int'
INFO:root:Bug in list.sort() with input '[389, 'T6`=nECe1N', 674, "+'-uD}\\p`5", -302, 303, -686, -179, "'BkY*,jNRo", "i2Z'\\yoA,v"]': '<' not supported between instances of 'str' and 'int'
INFO:root:Bug in int() with input 'l@.A:J8ugV': invalid literal for int() with base 10: 'l@.A:J8ugV'
INFO:root:Bug in list.sort() with input '[-812, -45, 62, -889, 'AW_.xi(e_^', '*.r7*A[&1p', 'vqz-j6D(j\\', 143, "7dlmTnD'4M", 'JWI1kiW2H#']': '<' not supported between instances of 'str' and 'int'
INFO:root:Bug in int() with input ','kgwSu9bk': invalid literal for int() with base 10: ",'kgwSu9bk"
INFO:root:Bug in list.sort() with input '[-176, 518, -258, -5, 747, 'hKl-I:KV*4', 321, '*;OA./r.^9', -58, -880]': '<' not supported between instances of 'str' and 'int'
INFO:root:Bug in int() with input 'OoG.pDjLB?': invalid literal for int() with base 10: 'OoG.pDjLB?'
INFO:root:Bug in list.sort() with input '['[,&_KdfNuM', 337, -396, -5, 18, '}\\ZYSu^%Ok', '8,:yT17-Eh', 'KFjW;%m,L,', '-)<~aiO.%[', '|>O\\@{Th6&']': '<' not supported between instances of 'int' and 'str'
INFO:root:Bug in int() with input '+~>UC6$VEk': invalid literal for int() with base 10: '+~>UC6$VEk'
INFO:root:Bug in list.sort() with input '[437, 'hmd&JBINHz', -384, -740, 'TB<M2oA2"H', 'iDv3="pq.3', 'C[np{w`q~V', -973, 'VwS`(wlrd:', 562]': '<' not supported between instances of 'str' and 'int'
INFO:root:Bug in int() with input 'None': int() argument must be a string, a bytes-like object or a real number, not 'NoneType'
INFO:root:Bug in list.sort() with input '['5Onx!H7q-\\', '4(l~C?Xo+/', 684, '6xX^nhGkQM', '%/;PTmGBfA', 399, 447, 275, 887, 'w{s3`W>IlI']': '<' not supported between instances of 'int' and 'str'
INFO:root:Bug in int() with input '2{iWUoF@Aw': invalid literal for int() with base 10: '2{iWUoF@Aw'
INFO:root:Bug in list.sort() with input '[53, 670, 'cNnT*.zNWV', -429, 'BLd|IHapw0', '8."k6K\\bzl', 'Mns3g_z/6u', "G&KD/E3'~E", 564, 100]': '<' not supported between instances of 'str' and 'int'
INFO:root:Bug in int() with input '([fqRm?XHq': invalid literal for int() with base 10: '([fqRm?XHq'
INFO:root:Bug in list.sort() with input '[572, 'J^,aswhyV%', -201, ']P^ELyF<,/', 248, -971, 'Q`<N_B%mfN', -283, -786, -825]': '<' not supported between instances of 'str' and 'int'
INFO:root:Bug in int() with input 'X#RI_s~%6U': invalid literal for int() with base 10: 'X#RI_s~%6U'
INFO:root:Bug in list.sort() with input '[-881, 624, '+]SIY,]~Ad', 'nHK+E];z4G', '[&r|n|AF0f', 'sCjl\\[5E|B', '7+?;&M&EK.', 'L;7*F2s8QV', -866, '.8Y&D!+vDV']': '<' not supported between instances of 'str' and 'int'
INFO:root:Bug in int() with input 'fiTR(H%d-!': invalid literal for int() with base 10: 'fiTR(H%d-!'
INFO:root:Bug in list.sort() with input '[-826, '\\T,OVkN(^&', 'amE.~Qig)j', '*?h`+R_ES.', "'Q_D0IYYW-", '{=8jg6W8_i', -812, -706, 994, 269]': '<' not supported between instances of 'str' and 'int'
INFO:root:Bug in int() with input 'r}{$wKN'o7': invalid literal for int() with base 10: "r}{$wKN'o7"
INFO:root:Bug in list.sort() with input '["`Fb9O'>M,G", 'Fay?rL]sjh', "ebl'cHM#5T", '[-R@S\\2lKR', 'v4*;1jar%m', -713, -839, 'afH$U9ZgLh', '`G[qS;+m6O', "/HT1MQUXi'"]': '<' not supported between instances of 'int' and 'str'
INFO:root:Bug in int() with input 'abc': invalid literal for int() with base 10: 'abc'
INFO:root:Bug in list.sort() with input '[-510, 'bf2h:0!@hn', 'b)JLf;I>X"', 523, 'wLF;%cm]8*', 'C9iEdZuKm,', 934, 'OLv9bs8GNw', -494, -357]': '<' not supported between instances of 'str' and 'int'
INFO:root:Bug in int() with input 'SRu$dLbJzk': invalid literal for int() with base 10: 'SRu$dLbJzk'
INFO:root:Bug in list.sort() with input '[9, 'zJTd!&x/-8', 'I*=aGvueZU', 327, 'R1z;COBy,2', 'oyF?KU@~H1', 'F@/s+WPpNp', "XtL'cuy2KW", '&b=[?B/Q~+', -268]': '<' not supported between instances of 'str' and 'int'
INFO:root:Bug in int() with input 'None': int() argument must be a string, a bytes-like object or a real number, not 'NoneType'
INFO:root:Bug in list.sort() with input '['\\yW>HiDK(X', 211, 'vUnMK,"KBY', 393, -898, -749, '4T-NZ"\\V[/', -270, -125, '8O?=pV}i\\<']': '<' not supported between instances of 'int' and 'str'
INFO:root:Bug in list.sort() with input '["t7WYNJ'&aJ", 'B1n\\^i{nH8', '5\\m}q_8R`g', '`1I!$AFVGi', 'I862oRq[rq', 'ZV8\'~.e~">', 'xE-JHZEux\\', 465, -127, "Gu,9iv,'/."]': '<' not supported between instances of 'int' and 'str'
INFO:root:Bug in int() with input '_P]#qj=~9?': invalid literal for int() with base 10: '_P]#qj=~9?'
INFO:root:Bug in list.sort() with input '['_K!`:XNbq>', 'CcK))o)o|0', 'pe|":Qs)h!', -755, ";/Rp)@V'4z", 870, 782, 'F8AadeAOq+', 'ps[sN/vJ_$', '?PEa$KjvyW']': '<' not supported between instances of 'int' and 'str'
INFO:root:Bug in int() with input ';e)RRTy\gr': invalid literal for int() with base 10: ';e)RRTy\\gr'
INFO:root:Bug in list.sort() with input '[-899, '\\Q12B\\RA)y', 141, 'g^PU"x9Tq$', 203, -47, -627, 366, -882, -342]': '<' not supported between instances of 'str' and 'int'
INFO:root:Bug in int() with input 'None': int() argument must be a string, a bytes-like object or a real number, not 'NoneType'
INFO:root:Bug in list.sort() with input '[907, '^x4/<UZ8Yn', 858, -640, '+C<W,cN0/O', -521, -123, 'w=Nmq5Jc*X', 'V9h1fn|6)0', -325]': '<' not supported between instances of 'str' and 'int'
INFO:root:Bug in list.sort() with input '[717, -247, 366, 'coPBwo~S|i', "Pf`T'6%H$y", -959, 'aYY+o$Hapy', "6\\]H$m3g'#", 'k[tw0OS]IF', -519]': '<' not supported between instances of 'str' and 'int'
INFO:root:Bug in int() with input 'None': int() argument must be a string, a bytes-like object or a real number, not 'NoneType'
INFO:root:Bug in list.sort() with input '['n[yfw2xt^-', 'm"!c4l%S6r', '?Svgs)mV*j', '5DKd`CCME}', 190, 654, -739, '>v$cL}!b08', '/`|_)YJt6h', 'Cw=FcfEw|l']': '<' not supported between instances of 'int' and 'str'
INFO:root:Bug in int() with input 'None': int() argument must be a string, a bytes-like object or a real number, not 'NoneType'
INFO:root:Bug in list.sort() with input '[107, 'Gy!s3fzJVb', 381, -505, 'A0[dscKG,5', 337, "|^';<yW_]4", -812, '^Rp7/2!zP.', 113]': '<' not supported between instances of 'str' and 'int'
INFO:root:Bug in int() with input 'U`@QNOj>tq': invalid literal for int() with base 10: 'U`@QNOj>tq'
INFO:root:Bug in list.sort() with input '[415, -803, 34, 658, 685, 633, 391, '-;h&Mp(_sb', 97, -585]': '<' not supported between instances of 'str' and 'int'
INFO:root:Bug in int() with input 'fi5@eQSJ`J': invalid literal for int() with base 10: 'fi5@eQSJ`J'
INFO:root:Bug in list.sort() with input '['@~Yh0)OqA8', '(F#J_o}vyy', -319, 'RZGPeYjg;r', -979, -30, 253, 'AEy{~puZ0o', 'P~`R4H%2fB', '.5`#vUL+W1']': '<' not supported between instances of 'int' and 'str'
INFO:root:Bug in int() with input '=-2Xpfb;7v': invalid literal for int() with base 10: '=-2Xpfb;7v'
INFO:root:Bug in list.sort() with input '['b`SS~F=\\`[', 'N`dw[tyG;K', 632, 726, 'D)qt*Kg5oc', -518, 'v}$JsMf5gM', ']dpMR=7wyE', '{ADM6)VXtI', 'z/;;MRVT3G']': '<' not supported between instances of 'int' and 'str'
INFO:root:Bug in int() with input 'None': int() argument must be a string, a bytes-like object or a real number, not 'NoneType'
INFO:root:Bug in list.sort() with input '[-778, -13, 617, 115, '$VaASd/E{L', -378, 'OKRL>5YHVB', 'J#a(wB[pUj', '1T@/82kIkx', '#}@H[FLx7]']': '<' not supported between instances of 'str' and 'int'
INFO:root:Bug in int() with input 'None': int() argument must be a string, a bytes-like object or a real number, not 'NoneType'
INFO:root:Bug in list.sort() with input '['F}s`qUm@U1', 'f1%Q(ux0Tp', 182, 'Q,x9Q05#(?', -816, 371, '7c<\\#h@?I6', 817, 533, '=C[:~ZsHil']': '<' not supported between instances of 'int' and 'str'
INFO:root:Bug in list.sort() with input '['zAMa}b9bxH', '@^eK)Zm7ii', -742, '\\l?!_NPt1G', -635, -308, 'QOGYwy0wks', 'YFCf3?\\4!^', -880, 256]': '<' not supported between instances of 'int' and 'str'
INFO:root:Bug in int() with input 'None': int() argument must be a string, a bytes-like object or a real number, not 'NoneType'
INFO:root:Bug in list.sort() with input '['Q)Ss6jyKBA', 'H;9X$}{5CX', '$89=0E,x0L', '=dOfF2qj`v', 150, 'C7,;e"vh"!', 533, '\\0QU!=(83K', '-8-U2`n"c=', -684]': '<' not supported between instances of 'int' and 'str'
INFO:root:Bug in int() with input '~;No&309kY': invalid literal for int() with base 10: '~;No&309kY'
INFO:root:Bug in list.sort() with input '[-590, 17, -725, -668, -597, -444, 960, '2yj^P:Nsz>', -289, 855]': '<' not supported between instances of 'str' and 'int'
INFO:root:Bug in int() with input 'abc': invalid literal for int() with base 10: 'abc'
INFO:root:Bug in list.sort() with input '[50, -834, ':4hC^H%\\DM', -253, -761, 717, -782, '=\\D$S%3k0E', -417, 'z~O)JwG6"`']': '<' not supported between instances of 'str' and 'int'
INFO:root:Bug in int() with input 'abc': invalid literal for int() with base 10: 'abc'
INFO:root:Bug in list.sort() with input '[775, 'c#^WU+`x6Z', 'i%&P|]G`t&', 'HhK$3P~I4W', -578, 'l:H_8@!k"m', '&)tXQX3|eg', -569, -478, -310]': '<' not supported between instances of 'str' and 'int'
INFO:root:Bug in int() with input 'u}>[}|IkYH': invalid literal for int() with base 10: 'u}>[}|IkYH'
INFO:root:Bug in list.sort() with input '['i>$7D)Hb^4', -620, 'c{Z7cq)g[/', 'Y%=r[>%BaI', -990, ',xPS~#Cn4R', 'ZCkllljB7m', 678, '/*/;%*#k"6', "MM2$'0s9g3"]': '<' not supported between instances of 'int' and 'str'
INFO:root:Bug in int() with input 'RJL")N1u\z': invalid literal for int() with base 10: 'RJL")N1u\\z'
INFO:root:Bug in list.sort() with input '[438, ":'RQB$.%B/", 6, 848, -402, ';.|q"[!HXP', 'QH@r$}]7xJ', 'pQ~;`uS!vh', '^au>M|}_[Z', '=JZ3F@<H^/']': '<' not supported between instances of 'str' and 'int'
INFO:root:Bug in int() with input 'H`{OhNXB)S': invalid literal for int() with base 10: 'H`{OhNXB)S'
INFO:root:Bug in list.sort() with input '['hRR,vCH}`|', 240, 'U6*Q&^.3*B', ';[:ttS]l;,', 379, 50, -178, -254, '.#SRWXbI6n', 138]': '<' not supported between instances of 'int' and 'str'
INFO:root:Bug in int() with input 'None': int() argument must be a string, a bytes-like object or a real number, not 'NoneType'
INFO:root:Bug in list.sort() with input '['sR4[.@d$w}', 'e{RU).R>k{', 'J7,EU?F[aR', 'kWvQ[B9nNH', 486, 70, 'oG!-`I;OC^', -798, '%qh1(I4&0G', '}+kr.tOvjz']': '<' not supported between instances of 'int' and 'str'
INFO:root:Bug in int() with input 'abc': invalid literal for int() with base 10: 'abc'
INFO:root:Bug in list.sort() with input '['REudlmAYIp', '}jn^Nls.]p', 'GS5hS#z>TC', '7A6A%wV*IB', 'M0Jy}>C^m`', 118, 388, -711, "Q9&*'K0Ug>", '3M0/tS{+b5']': '<' not supported between instances of 'int' and 'str'
INFO:root:Bug in int() with input 'abc': invalid literal for int() with base 10: 'abc'
INFO:root:Bug in list.sort() with input '[-744, 591, 'LbGcM[?exe', '{*Bu*rhbkZ', 'p+)6,vBw)y', '(|8nB@Wd2`', 'sqKw!LEf*#', '>AP)GANquH', -745, -687]': '<' not supported between instances of 'str' and 'int'
